生成启动时间为 2017/11/4 17:51:46。
项目“Z:\Learning\DataStructure\Project\Project\Project\Project.vcxproj”在节点 2 上(Build 个目标)。
ClCompile:
  C:\Program Files (x86)\Microsoft Visual Studio 11.0\VC\bin\CL.exe /c /Iinclude /ZI /nologo /W3 /WX- /sdl /Od /Oy- /D WIN32 /D _DEBUG /D _CONSOLE /D CURL_STATICLIB /D _CRT_SECURE_NO_WARNINGS /D _MBCS /Gm /EHsc /RTC1 /MDd /GS /fp:precise /Zc:wchar_t /Zc:forScope /Yu"stdafx.h" /Fp"Debug\Project.pch" /Fo"Debug\\" /Fd"Debug\vc110.pdb" /Gd /TP /analyze- /errorReport:prompt Project.cpp UnicodeToChi.cpp
  UnicodeToChi.cpp
  正在生成代码...
  正在跳过...(未检测到相关更改)
  Project.cpp
Link:
  C:\Program Files (x86)\Microsoft Visual Studio 11.0\VC\bin\link.exe /ERRORREPORT:PROMPT /OUT:"Z:\Learning\DataStructure\Project\Project\Debug\Project.exe" /INCREMENTAL /NOLOGO /LIBPATH:lib kernel32.lib user32.lib gdi32.lib winspool.lib comdlg32.lib advapi32.lib shell32.lib ole32.lib oleaut32.lib uuid.lib odbc32.lib odbccp32.lib /MANIFEST /MANIFESTUAC:"level='asInvoker' uiAccess='false'" /manifest:embed /DEBUG /PDB:"Z:\Learning\DataStructure\Project\Project\Debug\Project.pdb" /SUBSYSTEM:CONSOLE /TLBID:1 /DYNAMICBASE /NXCOMPAT /IMPLIB:"Z:\Learning\DataStructure\Project\Project\Debug\Project.lib" /MACHINE:X86 Debug\CharString.obj
  Debug\CharStringLink.obj
  Debug\Dictionary.obj
  Debug\Project.obj
  Debug\stdafx.obj
  Debug\UnicodeToChi.obj
  Debug\WebsiteProcessor.obj
  Project.vcxproj -> Z:\Learning\DataStructure\Project\Project\Debug\Project.exe
已完成生成项目“Z:\Learning\DataStructure\Project\Project\Project\Project.vcxproj”(Build 个目标)的操作。

生成成功。

已用时间 00:00:05.84
