Z:\LEARNING\DATASTRUCTURE\PROJECT\PROJECT\PROJECT\RELEASE\VC110.PDB
Z:\LEARNING\DATASTRUCTURE\PROJECT\PROJECT\PROJECT\RELEASE\WEBSITEPROCESSOR.OBJ
Z:\LEARNING\DATASTRUCTURE\PROJECT\PROJECT\PROJECT\RELEASE\PROJECT.OBJ
Z:\LEARNING\DATASTRUCTURE\PROJECT\PROJECT\PROJECT\RELEASE\DICTIONARY.OBJ
Z:\LEARNING\DATASTRUCTURE\PROJECT\PROJECT\PROJECT\RELEASE\CONVERTER.OBJ
Z:\LEARNING\DATASTRUCTURE\PROJECT\PROJECT\PROJECT\RELEASE\CHARSTRINGLINK.OBJ
Z:\LEARNING\DATASTRUCTURE\PROJECT\PROJECT\PROJECT\RELEASE\CHARSTRING.OBJ
Z:\LEARNING\DATASTRUCTURE\PROJECT\PROJECT\RELEASE\PROJECT.EXE
Z:\LEARNING\DATASTRUCTURE\PROJECT\PROJECT\RELEASE\PROJECT.PDB
Z:\Learning\DataStructure\Project\Project\Project\Release\CharString.obj
Z:\Learning\DataStructure\Project\Project\Project\Release\CharStringLink.obj
Z:\Learning\DataStructure\Project\Project\Project\Release\Converter.obj
Z:\Learning\DataStructure\Project\Project\Project\Release\Dictionary.obj
Z:\Learning\DataStructure\Project\Project\Project\Release\Project.obj
Z:\Learning\DataStructure\Project\Project\Project\Release\stdafx.obj
Z:\Learning\DataStructure\Project\Project\Project\Release\WebsiteProcessor.obj
Z:\Learning\DataStructure\Project\Project\Project\Release\cl.command.1.tlog
Z:\Learning\DataStructure\Project\Project\Project\Release\CL.read.1.tlog
Z:\Learning\DataStructure\Project\Project\Project\Release\CL.write.1.tlog
Z:\Learning\DataStructure\Project\Project\Project\Release\link-cvtres.read.1.tlog
Z:\Learning\DataStructure\Project\Project\Project\Release\link-cvtres.write.1.tlog
Z:\Learning\DataStructure\Project\Project\Project\Release\link-rc.read.1.tlog
Z:\Learning\DataStructure\Project\Project\Project\Release\link-rc.write.1.tlog
Z:\Learning\DataStructure\Project\Project\Project\Release\link.command.1.tlog
Z:\Learning\DataStructure\Project\Project\Project\Release\link.read.1.tlog
Z:\Learning\DataStructure\Project\Project\Project\Release\link.write.1.tlog
Z:\Learning\DataStructure\Project\Project\Project\Release\Project.pch
Z:\Learning\DataStructure\Project\Project\Project\Release\vc110.pdb
Z:\Learning\DataStructure\Project\Project\Release\Project.pdb
Z:\Learning\DataStructure\Project\Project\Release\Project.exe
